Build started 5/1/2015 11:47:02 AM.
     1>Project "C:\Users\awebb\Desktop\NimServer\NimServer.vcxproj" on node 2 (Build target(s)).
     1>ClCompile:
         C:\Program Files (x86)\Microsoft Visual Studio 12.0\VC\bin\CL.exe /c /ZI /nologo /W3 /WX- /Od /Oy- /D WIN32 /D _DEBUG /D _CONSOLE /D _UNICODE /D UNICODE /Gm /EHsc /RTC1 /MDd /GS /fp:precise /Zc:wchar_t /Zc:forScope /Fo"Debug\\" /Fd"Debug\vc120.pdb" /Gd /TP /analyze- /errorReport:prompt ..\NIM.backup\Client.cpp ..\NIM.backup\Get_Servers.cpp ..\NIM.backup\NIM.cpp
         Client.cpp
         Generating Code...
         Compiling...
         NIM.cpp
         Get_Servers.cpp
         Generating Code...
       Link:
         C:\Program Files (x86)\Microsoft Visual Studio 12.0\VC\bin\link.exe /ERRORREPORT:PROMPT /OUT:"C:\Users\awebb\Desktop\NimServer\Debug\NimServer.exe" /INCREMENTAL /NOLOGO kernel32.lib user32.lib gdi32.lib winspool.lib comdlg32.lib advapi32.lib shell32.lib ole32.lib oleaut32.lib uuid.lib odbc32.lib odbccp32.lib /MANIFEST /MANIFESTUAC:"level='asInvoker' uiAccess='false'" /manifest:embed /DEBUG /PDB:"C:\Users\awebb\Desktop\NimServer\Debug\NimServer.pdb" /SUBSYSTEM:CONSOLE /TLBID:1 /DYNAMICBASE /NXCOMPAT /IMPLIB:"C:\Users\awebb\Desktop\NimServer\Debug\NimServer.lib" /MACHINE:X86 Debug\Client.obj
         Debug\Connect_Sock.obj
         Debug\Get_Servers.obj
         Debug\NIM.obj
         Debug\AI.obj
         Debug\passivesock.obj
         Debug\server.obj
         Debug\Test.obj
         Debug\UDP_recv.obj
         Debug\UDP_send.obj
         Debug\wait.obj
         NimServer.vcxproj -> C:\Users\awebb\Desktop\NimServer\Debug\NimServer.exe
     1>Done Building Project "C:\Users\awebb\Desktop\NimServer\NimServer.vcxproj" (Build target(s)).

Build succeeded.

Time Elapsed 00:00:02.49
